{"name": "test_login", "status": "broken", "statusDetails": {"message": "selenium.common.exceptions.TimeoutException: Message: \nStacktrace:\n\tGetHandleVerifier [0x0x7ff62f19e965+77845]\n\tGetHandleVerifier [0x0x7ff62f19e9c0+77936]\n\t(No symbol) [0x0x7ff62ef59cda]\n\t(No symbol) [0x0x7ff62efb06aa]\n\t(No symbol) [0x0x7ff62efb095c]\n\t(No symbol) [0x0x7ff62f003d07]\n\t(No symbol) [0x0x7ff62efd890f]\n\t(No symbol) [0x0x7ff62f000b07]\n\t(No symbol) [0x0x7ff62efd86a3]\n\t(No symbol) [0x0x7ff62efa1791]\n\t(No symbol) [0x0x7ff62efa2523]\n\tGetHandleVerifier [0x0x7ff62f47687d+3059501]\n\tGetHandleVerifier [0x0x7ff62f470c3d+3035885]\n\tGetHandleVerifier [0x0x7ff62f490430+3164896]\n\tGetHandleVerifier [0x0x7ff62f1b8c6e+185118]\n\tGetHandleVerifier [0x0x7ff62f1c057f+216111]\n\tGetHandleVerifier [0x0x7ff62f1a7314+113092]\n\tGetHandleVerifier [0x0x7ff62f1a74c9+113529]\n\tGetHandleVerifier [0x0x7ff62f18e2c8+10616]\n\tBaseThreadInitThunk [0x0x7ffbbcc6e8d7+23]\n\tRtlUserThreadStart [0x0x7ffbbe3fc34c+44]", "trace": "driver = <selenium.webdriver.chrome.webdriver.WebDriver (session=\"bf4016cdb7322512b46a4d8562d5c2c2\")>\nlogin_data = [('tomsmith', 'SuperSecretPassword!'), ('invalid_user', 'SuperSecretPassword!'), ('tomsmith', 'invalid_password')]\n\n    def test_login(driver, login_data):\n        for username, password in login_data:\n            driver.get(\"https://the-internet.herokuapp.com/login\")\n    \n            wait = WebDriverWait(driver, 10)\n>           wait.until(EC.presence_of_element_located((By.ID, \"username\"))).send_keys(username)\n            ^^^^^^^^^^^^^^^^^^^^^^^^^^^^^^^^^^^^^^^^^^^^^^^^^^^^^^^^^^^^^^^\n\ntests\\test_login_mysql.py:11: \n_ _ _ _ _ _ _ _ _ _ _ _ _ _ _ _ _ _ _ _ _ _ _ _ _ _ _ _ _ _ _ _ _ _ _ _ _ _ _ _ _ _ _ _ _ _ _ _ _ _ _ _ _ _ _ _ _ _ _ _ _ _ _ _ _ _ _ _ _ _ _ _ _ _ _ _ _ _ _ _ _ _ _ _ _ _ _ _ _ _ _ _ _ _ _ _ _ _ _ _ _ _ _ _ _ _ _ _ _ _ _ _ _ _\n\nself = <selenium.webdriver.support.wait.WebDriverWait (session=\"bf4016cdb7322512b46a4d8562d5c2c2\")>, method = <function presence_of_element_located.<locals>._predicate at 0x00000194A417C680>, message = ''\n\n    def until(self, method: Callable[[D], Union[Literal[False], T]], message: str = \"\") -> T:\n        \"\"\"Wait until the method returns a value that is not False.\n    \n        Calls the method provided with the driver as an argument until the\n        return value does not evaluate to ``False``.\n    \n        Parameters:\n        -----------\n        method: callable(WebDriver)\n            - A callable object that takes a WebDriver instance as an argument.\n    \n        message: str\n            - Optional message for :exc:`TimeoutException`\n    \n        Return:\n        -------\n        object: T\n            - The result of the last call to `method`\n    \n        Raises:\n        -------\n        TimeoutException\n            - If 'method' does not return a truthy value within the WebDriverWait\n            object's timeout\n    \n        Example:\n        --------\n        >>> from selenium.webdriver.common.by import By\n        >>> from selenium.webdriver.support.ui import WebDriverWait\n        >>> from selenium.webdriver.support import expected_conditions as EC\n    \n        # Wait until an element is visible on the page\n        >>> wait = WebDriverWait(driver, 10)\n        >>> element = wait.until(EC.visibility_of_element_located((By.ID, \"exampleId\")))\n        >>> print(element.text)\n        \"\"\"\n        screen = None\n        stacktrace = None\n    \n        end_time = time.monotonic() + self._timeout\n        while True:\n            try:\n                value = method(self._driver)\n                if value:\n                    return value\n            except self._ignored_exceptions as exc:\n                screen = getattr(exc, \"screen\", None)\n                stacktrace = getattr(exc, \"stacktrace\", None)\n            if time.monotonic() > end_time:\n                break\n            time.sleep(self._poll)\n>       raise TimeoutException(message, screen, stacktrace)\nE       selenium.common.exceptions.TimeoutException: Message: \nE       Stacktrace:\nE       \tGetHandleVerifier [0x0x7ff62f19e965+77845]\nE       \tGetHandleVerifier [0x0x7ff62f19e9c0+77936]\nE       \t(No symbol) [0x0x7ff62ef59cda]\nE       \t(No symbol) [0x0x7ff62efb06aa]\nE       \t(No symbol) [0x0x7ff62efb095c]\nE       \t(No symbol) [0x0x7ff62f003d07]\nE       \t(No symbol) [0x0x7ff62efd890f]\nE       \t(No symbol) [0x0x7ff62f000b07]\nE       \t(No symbol) [0x0x7ff62efd86a3]\nE       \t(No symbol) [0x0x7ff62efa1791]\nE       \t(No symbol) [0x0x7ff62efa2523]\nE       \tGetHandleVerifier [0x0x7ff62f47687d+3059501]\nE       \tGetHandleVerifier [0x0x7ff62f470c3d+3035885]\nE       \tGetHandleVerifier [0x0x7ff62f490430+3164896]\nE       \tGetHandleVerifier [0x0x7ff62f1b8c6e+185118]\nE       \tGetHandleVerifier [0x0x7ff62f1c057f+216111]\nE       \tGetHandleVerifier [0x0x7ff62f1a7314+113092]\nE       \tGetHandleVerifier [0x0x7ff62f1a74c9+113529]\nE       \tGetHandleVerifier [0x0x7ff62f18e2c8+10616]\nE       \tBaseThreadInitThunk [0x0x7ffbbcc6e8d7+23]\nE       \tRtlUserThreadStart [0x0x7ffbbe3fc34c+44]\n\n..\\..\\..\\AppData\\Local\\Programs\\Python\\Python313\\Lib\\site-packages\\selenium\\webdriver\\support\\wait.py:138: TimeoutException"}, "start": 1755207911422, "stop": 1755207925245, "uuid": "9a654d69-6a1f-4443-a297-795ba94d055f", "historyId": "026e1c5ddbc8aff3d6f28eb3cd227802", "testCaseId": "026e1c5ddbc8aff3d6f28eb3cd227802", "fullName": "tests.test_login_mysql#test_login", "labels": [{"name": "parentSuite", "value": "tests"}, {"name": "suite", "value": "test_login_mysql"}, {"name": "host", "value": "AUSYD-DT-3726"}, {"name": "thread", "value": "10536-MainThread"}, {"name": "framework", "value": "pytest"}, {"name": "language", "value": "cpython3"}, {"name": "package", "value": "tests.test_login_mysql"}], "titlePath": ["tests", "test_login_mysql.py"]}